LogName=Security
EventCode=4672
EventType=0
ComputerName=accounting1
SourceName=Microsoft Windows security auditing.
Type=Information
RecordNumber=51034
Keywords=Audit Success
TaskCategory=Special Logon
OpCode=Info
Message=Special privileges assigned to new logon.

Subject:
	Security ID:		S-1-5-21-2020954294-3820947412-549806118-500
	Account Name:		Administrator
	Account Domain:		ACCOUNTING1
	Logon ID:		0x31755AB

Privileges:		SeSecurityPrivilege
			SeTakeOwnershipPrivilege
			SeLoadDriverPrivilege
			SeBackupPrivilege
			SeRestorePrivilege
			SeDebugPrivilege
			SeSystemEnvironmentPrivilege
			SeImpersonatePrivilege
			SeDelegateSessionUserImpersonatePrivilege","2024-07-03T18:07:23.000+00:00",,ACCOUNTING1,main,28,"//_::_=====___.===_=_==_____.\r\r:\rt_:tt-------\rt_:t","WinEventLog:Security","WinEventLog:Security","ip-10-0-0-207.us-west-2.compute.internal",,,,
"WORKGROUP
ACCOUNTING1","ACCOUNTING1$
Administrator",Negotiate,accounting1,Yes,4624,0,,,Impersonation,0,"Audit Success",0x0,Security,"{00000000-0000-0000-0000-000000000000}","0x3E7
0x31755AB",User32,7,,"An account was successfully logged on.

Subject:
	Security ID:		S-1-5-18
	Account Name:		ACCOUNTING1$
	Account Domain:		WORKGROUP
	Logon ID:		0x3E7

Logon Information:
	Logon Type:		7
	Restricted Admin Mode:	-
	Virtual Account:		No
	Elevated Token:		Yes

Impersonation Level:		Impersonation

New Logon:
	Security ID:		S-1-5-21-2020954294-3820947412-549806118-500
	Account Name:		Administrator
	Account Domain:		ACCOUNTING1
	Logon ID:		0x31755AB
	Linked Logon ID:		0x0
	Network Account Name:	-
	Network Account Domain:	-
	Logon GUID:		{00000000-0000-0000-0000-000000000000}

Process Information:
	Process ID:		0x8a0
	Process Name:		C:\Windows\System32\svchost.exe

Network Information:
	Workstation Name:	ACCOUNTING1
	Source Network Address:	10.0.0.176
	Source Port:		0

Detailed Authentication Information:
	Logon Process:		User32 
	Authentication Package:	Negotiate
	Transited Services:	-
	Package Name (NTLM only):	-
	Key Length:		0

This event is generated when a logon session is created. It is generated on the computer that was accessed.

The subject fields indicate the account on the local system which requested the logon. This is most commonly a service such as the Server service, or a local process such as Winlogon.exe or Services.exe.

The logon type field indicates the kind of logon that occurred. The most common types are 2 (interactive) and 3 (network).

The New Logon fields indicate the account for whom the new logon was created, i.e. the account that was logged on.

The network fields indicate where a remote logon request originated. Workstation name is not always available and may be left blank in some cases.

The impersonation level field indicates the extent to which a process in the logon session can impersonate.

The authentication information fields provide detailed information about this specific logon request.
	- Logon GUID is a unique identifier that can be used to correlate this event with a KDC event.
	- Transited services indicate which intermediate services have participated in this logon request.
	- Package name indicates which sub-protocol was used among the NTLM protocols.
	- Key length indicates the length of the generated session key. This will be 0 if no session key was requested.",,"-","-",Info,"-",,,0x8a0,"C:\Windows\System32\svchost.exe",51033,"-",,"S-1-5-18
S-1-5-21-2020954294-3820947412-549806118-500","Microsoft Windows security auditing.","10.0.0.176",0,,Logon,,"-",Information,,No,ACCOUNTING1,"07/03/2024 11:07:23 AM
LogName=Security
EventCode=4624
EventType=0
ComputerName=accounting1
SourceName=Microsoft Windows security auditing.
Type=Information
RecordNumber=51033
Keywords=Audit Success
TaskCategory=Logon
OpCode=Info
Message=An account was successfully logged on.

Subject:
	Security ID:		S-1-5-18
	Account Name:		ACCOUNTING1$
	Account Domain:		WORKGROUP
	Logon ID:		0x3E7

Logon Information:
	Logon Type:		7
	Restricted Admin Mode:	-
	Virtual Account:		No
	Elevated Token:		Yes

Impersonation Level:		Impersonation

New Logon:
	Security ID:		S-1-5-21-2020954294-3820947412-549806118-500
	Account Name:		Administrator
	Account Domain:		ACCOUNTING1
	Logon ID:		0x31755AB
	Linked Logon ID:		0x0
	Network Account Name:	-
	Network Account Domain:	-
	Logon GUID:		{00000000-0000-0000-0000-000000000000}

Process Information:
	Process ID:		0x8a0
	Process Name:		C:\Windows\System32\svchost.exe

Network Information:
	Workstation Name:	ACCOUNTING1
	Source Network Address:	10.0.0.176
	Source Port:		0

Detailed Authentication Information:
	Logon Process:		User32 
	Authentication Package:	Negotiate
	Transited Services:	-
	Package Name (NTLM only):	-
	Key Length:		0

This event is generated when a logon session is created. It is generated on the computer that was accessed.

The subject fields indicate the account on the local system which requested the logon. This is most commonly a service such as the Server service, or a local process such as Winlogon.exe or Services.exe.

The logon type field indicates the kind of logon that occurred. The most common types are 2 (interactive) and 3 (network).

The New Logon fields indicate the account for whom the new logon was created, i.e. the account that was logged on.

The network fields indicate where a remote logon request originated. Workstation name is not always available and may be left blank in some cases.

The impersonation level field indicates the extent to which a process in the logon session can impersonate.

The authentication information fields provide detailed information about this specific logon request.
	- Logon GUID is a unique identifier that can be used to correlate this event with a KDC event.
	- Transited services indicate which intermediate services have participated in this logon request.
	- Package name indicates which sub-protocol was used among the NTLM protocols.
	- Key length indicates the length of the generated session key. This will be 0 if no session key was requested.","2024-07-03T18:07:23.000+00:00",,ACCOUNTING1,main,70,"//_::_=====___.===_===_____.\r\r:\rt_:tt---\rt_:tt$\rt_","WinEventLog:Security","WinEventLog:Security","ip-10-0-0-207.us-west-2.compute.internal",,,,
"-
ACCOUNTING1","-
Administrator",NTLM,accounting1,Yes,4624,0,,,Impersonation,128,"Audit Success",0x0,Security,"{00000000-0000-0000-0000-000000000000}","0x0
0x31712A7",NtLmSsp,3,,"An account was successfully logged on.

Subject:
	Security ID:		S-1-0-0
	Account Name:		-
	Account Domain:		-
	Logon ID:		0x0

Logon Information:
	Logon Type:		3
	Restricted Admin Mode:	-
	Virtual Account:		No
	Elevated Token:		Yes

Impersonation Level:		Impersonation

New Logon:
	Security ID:		S-1-5-21-2020954294-3820947412-549806118-500
	Account Name:		Administrator
	Account Domain:		ACCOUNTING1
	Logon ID:		0x31712A7
	Linked Logon ID:		0x0
	Network Account Name:	-
	Network Account Domain:	-
	Logon GUID:		{00000000-0000-0000-0000-000000000000}

Process Information:
	Process ID:		0x0
	Process Name:		-

Network Information:
	Workstation Name:	kali
	Source Network Address:	10.0.0.176
	Source Port:		0

Detailed Authentication Information:
	Logon Process:		NtLmSsp 
	Authentication Package:	NTLM
	Transited Services:	-
	Package Name (NTLM only):	NTLM V2
	Key Length:		128

This event is generated when a logon session is created. It is generated on the computer that was accessed.

The subject fields indicate the account on the local system which requested the logon. This is most commonly a service such as the Server service, or a local process such as Winlogon.exe or Services.exe.

The logon type field indicates the kind of logon that occurred. The most common types are 2 (interactive) and 3 (network).

The New Logon fields indicate the account for whom the new logon was created, i.e. the account that was logged on.

The network fields indicate where a remote logon request originated. Workstation name is not always available and may be left blank in some cases.

The impersonation level field indicates the extent to which a process in the logon session can impersonate.

The authentication information fields provide detailed information about this specific logon request.
	- Logon GUID is a unique identifier that can be used to correlate this event with a KDC event.
	- Transited services indicate which intermediate services have participated in this logon request.
	- Package name indicates which sub-protocol was used among the NTLM protocols.
	- Key length indicates the length of the generated session key. This will be 0 if no session key was requested.",,"-","-",Info,"NTLM V2",,,0x0,"-",51030,"-",,"S-1-0-0
S-1-5-21-2020954294-3820947412-549806118-500","Microsoft Windows security auditing.","10.0.0.176",0,,Logon,,"-",Information,,No,kali,"07/03/2024 11:07:21 AM
LogName=Security
EventCode=4624
EventType=0
ComputerName=accounting1
SourceName=Microsoft Windows security auditing.
Type=Information
RecordNumber=51030
Keywords=Audit Success
TaskCategory=Logon
OpCode=Info
Message=An account was successfully logged on.

Subject:
	Security ID:		S-1-0-0
	Account Name:		-
	Account Domain:		-
	Logon ID:		0x0

Logon Information:
	Logon Type:		3
	Restricted Admin Mode:	-
	Virtual Account:		No
	Elevated Token:		Yes

Impersonation Level:		Impersonation

New Logon:
	Security ID:		S-1-5-21-2020954294-3820947412-549806118-500
	Account Name:		Administrator
	Account Domain:		ACCOUNTING1
	Logon ID:		0x31712A7
	Linked Logon ID:		0x0
	Network Account Name:	-
	Network Account Domain:	-
	Logon GUID:		{00000000-0000-0000-0000-000000000000}

Process Information:
	Process ID:		0x0
	Process Name:		-

Network Information:
	Workstation Name:	kali
	Source Network Address:	10.0.0.176
	Source Port:		0

Detailed Authentication Information:
	Logon Process:		NtLmSsp 
	Authentication Package:	NTLM
	Transited Services:	-
	Package Name (NTLM only):	NTLM V2
	Key Length:		128

This event is generated when a logon session is created. It is generated on the computer that was accessed.

The subject fields indicate the account on the local system which requested the logon. This is most commonly a service such as the Server service, or a local process such as Winlogon.exe or Services.exe.

The logon type field indicates the kind of logon that occurred. The most common types are 2 (interactive) and 3 (network).

The New Logon fields indicate the account for whom the new logon was created, i.e. the account that was logged on.

The network fields indicate where a remote logon request originated. Workstation name is not always available and may be left blank in some cases.

The impersonation level field indicates the extent to which a process in the logon session can impersonate.

The authentication information fields provide detailed information about this specific logon request.
	- Logon GUID is a unique identifier that can be used to correlate this event with a KDC event.
	- Transited services indicate which intermediate services have participated in this logon request.
	- Package name indicates which sub-protocol was used among the NTLM protocols.
	- Key length indicates the length of the generated session key. This will be 0 if no session key was requested.","2024-07-03T18:07:21.000+00:00",,ACCOUNTING1,main,70,"//_::_=====___.===_===_____.\r\r:\rt_:tt---\rt_:tt-\rt_","WinEventLog:Security","WinEventLog:Security","ip-10-0-0-207.us-west-2.compute.internal",,,,
ACCOUNTING1,Administrator,,accounting1,,4672,0,,,,,"Audit Success",,Security,,0x31712A7,,,,"Special privileges assigned to new logon.

Subject:
	Security ID:		S-1-5-21-2020954294-3820947412-549806118-500
	Account Name:		Administrator
	Account Domain:		ACCOUNTING1
	Logon ID:		0x31712A7

Privileges:		SeSecurityPrivilege
			SeBackupPrivilege
			SeRestorePrivilege
			SeTakeOwnershipPrivilege
			SeDebugPrivilege
			SeSystemEnvironmentPrivilege
			SeLoadDriverPrivilege
			SeImpersonatePrivilege
			SeDelegateSessionUserImpersonatePrivilege",,,,Info,,SeSecurityPrivilege,,,,51029,,,"S-1-5-21-2020954294-3820947412-549806118-500","Microsoft Windows security auditing.",,,,"Special Logon",,,Information,,,,"07/03/2024 11:07:21 AM
LogName=Security
EventCode=4672
EventType=0
ComputerName=accounting1
SourceName=Microsoft Windows security auditing.
Type=Information
RecordNumber=51029
Keywords=Audit Success
TaskCategory=Special Logon
OpCode=Info
Message=Special privileges assigned to new logon.

Subject:
	Security ID:		S-1-5-21-2020954294-3820947412-549806118-500
	Account Name:		Administrator
	Account Domain:		ACCOUNTING1
	Logon ID:		0x31712A7

Privileges:		SeSecurityPrivilege
			SeBackupPrivilege
			SeRestorePrivilege
			SeTakeOwnershipPrivilege
			SeDebugPrivilege
			SeSystemEnvironmentPrivilege
			SeLoadDriverPrivilege
			SeImpersonatePrivilege
			SeDelegateSessionUserImpersonatePrivilege","2024-07-03T18:07:21.000+00:00",,ACCOUNTING1,main,28,"//_::_=====___.===_=_==_____.\r\r:\rt_:tt-------\rt_:t","WinEventLog:Security","WinEventLog:Security","ip-10-0-0-207.us-west-2.compute.internal",,,,
"-
NT AUTHORITY","-
ANONYMOUS LOGON",NTLM,accounting1,No,4624,0,,,Impersonation,0,"Audit Success",0x0,Security,"{00000000-0000-0000-0000-000000000000}","0x0
0x316405C",NtLmSsp,3,,"An account was successfully logged on.

Subject:
	Security ID:		S-1-0-0
	Account Name:		-
	Account Domain:		-
	Logon ID:		0x0

Logon Information:
	Logon Type:		3
	Restricted Admin Mode:	-
	Virtual Account:		No
	Elevated Token:		No

Impersonation Level:		Impersonation

New Logon:
	Security ID:		S-1-5-7
	Account Name:		ANONYMOUS LOGON
	Account Domain:		NT AUTHORITY
	Logon ID:		0x316405C
	Linked Logon ID:		0x0
	Network Account Name:	-
	Network Account Domain:	-
	Logon GUID:		{00000000-0000-0000-0000-000000000000}

Process Information:
	Process ID:		0x0
	Process Name:		-

Network Information:
	Workstation Name:	-
	Source Network Address:	10.0.0.176
	Source Port:		36812

Detailed Authentication Information:
	Logon Process:		NtLmSsp 
	Authentication Package:	NTLM
	Transited Services:	-
	Package Name (NTLM only):	NTLM V1
	Key Length:		0

This event is generated when a logon session is created. It is generated on the computer that was accessed.

The subject fields indicate the account on the local system which requested the logon. This is most commonly a service such as the Server service, or a local process such as Winlogon.exe or Services.exe.

The logon type field indicates the kind of logon that occurred. The most common types are 2 (interactive) and 3 (network).

The New Logon fields indicate the account for whom the new logon was created, i.e. the account that was logged on.

The network fields indicate where a remote logon request originated. Workstation name is not always available and may be left blank in some cases.

The impersonation level field indicates the extent to which a process in the logon session can impersonate.

The authentication information fields provide detailed information about this specific logon request.
	- Logon GUID is a unique identifier that can be used to correlate this event with a KDC event.
	- Transited services indicate which intermediate services have participated in this logon request.
	- Package name indicates which sub-protocol was used among the NTLM protocols.
	- Key length indicates the length of the generated session key. This will be 0 if no session key was requested.",,"-","-",Info,"NTLM V1",,,0x0,"-",51021,"-",,"S-1-0-0
S-1-5-7","Microsoft Windows security auditing.","10.0.0.176",36812,,Logon,,"-",Information,,No,"-","07/03/2024 11:05:31 AM
LogName=Security
EventCode=4624
EventType=0
ComputerName=accounting1
SourceName=Microsoft Windows security auditing.
Type=Information
RecordNumber=51021
Keywords=Audit Success
TaskCategory=Logon
OpCode=Info
Message=An account was successfully logged on.

Subject:
	Security ID:		S-1-0-0
	Account Name:		-
	Account Domain:		-
	Logon ID:		0x0

Logon Information:
	Logon Type:		3
	Restricted Admin Mode:	-
	Virtual Account:		No
	Elevated Token:		No

Impersonation Level:		Impersonation

New Logon:
	Security ID:		S-1-5-7
	Account Name:		ANONYMOUS LOGON
	Account Domain:		NT AUTHORITY
	Logon ID:		0x316405C
	Linked Logon ID:		0x0
	Network Account Name:	-
	Network Account Domain:	-
	Logon GUID:		{00000000-0000-0000-0000-000000000000}

Process Information:
	Process ID:		0x0
	Process Name:		-

Network Information:
	Workstation Name:	-
	Source Network Address:	10.0.0.176
	Source Port:		36812

Detailed Authentication Information:
	Logon Process:		NtLmSsp 
	Authentication Package:	NTLM
	Transited Services:	-
	Package Name (NTLM only):	NTLM V1
	Key Length:		0

This event is generated when a logon session is created. It is generated on the computer that was accessed.

The subject fields indicate the account on the local system which requested the logon. This is most commonly a service such as the Server service, or a local process such as Winlogon.exe or Services.exe.

The logon type field indicates the kind of logon that occurred. The most common types are 2 (interactive) and 3 (network).

The New Logon fields indicate the account for whom the new logon was created, i.e. the account that was logged on.

The network fields indicate where a remote logon request originated. Workstation name is not always available and may be left blank in some cases.

The impersonation level field indicates the extent to which a process in the logon session can impersonate.

The authentication information fields provide detailed information about this specific logon request.
	- Logon GUID is a unique identifier that can be used to correlate this event with a KDC event.
	- Transited services indicate which intermediate services have participated in this logon request.
	- Package name indicates which sub-protocol was used among the NTLM protocols.
	- Key length indicates the length of the generated session key. This will be 0 if no session key was requested.","2024-07-03T18:05:31.000+00:00",,ACCOUNTING1,main,70,"//_::_=====___.===_===_____.\r\r:\rt_:tt---\rt_:tt-\rt_","WinEventLog:Security","WinEventLog:Security","ip-10-0-0-207.us-west-2.compute.internal",,,,
"-
NT AUTHORITY","-
ANONYMOUS LOGON",NTLM,accounting1,No,4624,0,,,Impersonation,0,"Audit Success",0x0,Security,"{00000000-0000-0000-0000-000000000000}","0x0
0x3164017",NtLmSsp,3,,"An account was successfully logged on.

Subject:
	Security ID:		S-1-0-0
	Account Name:		-
	Account Domain:		-
	Logon ID:		0x0

Logon Information:
	Logon Type:		3
	Restricted Admin Mode:	-
	Virtual Account:		No
	Elevated Token:		No

Impersonation Level:		Impersonation

New Logon:
	Security ID:		S-1-5-7
	Account Name:		ANONYMOUS LOGON
	Account Domain:		NT AUTHORITY
	Logon ID:		0x3164017
	Linked Logon ID:		0x0
	Network Account Name:	-
	Network Account Domain:	-
	Logon GUID:		{00000000-0000-0000-0000-000000000000}

Process Information:
	Process ID:		0x0
	Process Name:		-

Network Information:
	Workstation Name:	-
	Source Network Address:	10.0.0.176
	Source Port:		36798

Detailed Authentication Information:
	Logon Process:		NtLmSsp 
	Authentication Package:	NTLM
	Transited Services:	-
	Package Name (NTLM only):	NTLM V1
	Key Length:		0

This event is generated when a logon session is created. It is generated on the computer that was accessed.

The subject fields indicate the account on the local system which requested the logon. This is most commonly a service such as the Server service, or a local process such as Winlogon.exe or Services.exe.

The logon type field indicates the kind of logon that occurred. The most common types are 2 (interactive) and 3 (network).

The New Logon fields indicate the account for whom the new logon was created, i.e. the account that was logged on.

The network fields indicate where a remote logon request originated. Workstation name is not always available and may be left blank in some cases.

The impersonation level field indicates the extent to which a process in the logon session can impersonate.

The authentication information fields provide detailed information about this specific logon request.
	- Logon GUID is a unique identifier that can be used to correlate this event with a KDC event.
	- Transited services indicate which intermediate services have participated in this logon request.
	- Package name indicates which sub-protocol was used among the NTLM protocols.
	- Key length indicates the length of the generated session key. This will be 0 if no session key was requested.",,"-","-",Info,"NTLM V1",,,0x0,"-",51019,"-",,"S-1-0-0
S-1-5-7","Microsoft Windows security auditing.","10.0.0.176",36798,,Logon,,"-",Information,,No,"-","07/03/2024 11:05:31 AM
LogName=Security
EventCode=4624
EventType=0
ComputerName=accounting1
SourceName=Microsoft Windows security auditing.
Type=Information
RecordNumber=51019
Keywords=Audit Success
TaskCategory=Logon
OpCode=Info
Message=An account was successfully logged on.

Subject:
	Security ID:		S-1-0-0
	Account Name:		-
	Account Domain:		-
	Logon ID:		0x0

Logon Information:
	Logon Type:		3
	Restricted Admin Mode:	-
	Virtual Account:		No
	Elevated Token:		No

Impersonation Level:		Impersonation

New Logon:
	Security ID:		S-1-5-7
	Account Name:		ANONYMOUS LOGON
	Account Domain:		NT AUTHORITY
	Logon ID:		0x3164017
	Linked Logon ID:		0x0
	Network Account Name:	-
	Network Account Domain:	-
	Logon GUID:		{00000000-0000-0000-0000-000000000000}

Process Information:
	Process ID:		0x0
	Process Name:		-

Network Information:
	Workstation Name:	-
	Source Network Address:	10.0.0.176
	Source Port:		36798

Detailed Authentication Information:
	Logon Process:		NtLmSsp 
	Authentication Package:	NTLM
	Transited Services:	-
	Package Name (NTLM only):	NTLM V1
	Key Length:		0

This event is generated when a logon session is created. It is generated on the computer that was accessed.

The subject fields indicate the account on the local system which requested the logon. This is most commonly a service such as the Server service, or a local process such as Winlogon.exe or Services.exe.

The logon type field indicates the kind of logon that occurred. The most common types are 2 (interactive) and 3 (network).

The New Logon fields indicate the account for whom the new logon was created, i.e. the account that was logged on.

The network fields indicate where a remote logon request originated. Workstation name is not always available and may be left blank in some cases.

The impersonation level field indicates the extent to which a process in the logon session can impersonate.

The authentication information fields provide detailed information about this specific logon request.
	- Logon GUID is a unique identifier that can be used to correlate this event with a KDC event.
	- Transited services indicate which intermediate services have participated in this logon request.
	- Package name indicates which sub-protocol was used among the NTLM protocols.
	- Key length indicates the length of the generated session key. This will be 0 if no session key was requested.","2024-07-03T18:05:31.000+00:00",,ACCOUNTING1,main,70,"//_::_=====___.===_===_____.\r\r:\rt_:tt---\rt_:tt-\rt_","WinEventLog:Security","WinEventLog:Security","ip-10-0-0-207.us-west-2.compute.internal",,,,
"-
NT AUTHORITY","-
ANONYMOUS LOGON",NTLM,accounting1,No,4624,0,,,Impersonation,0,"Audit Success",0x0,Security,"{00000000-0000-0000-0000-000000000000}","0x0
0x3163E0A",NtLmSsp,3,,"An account was successfully logged on.

Subject:
	Security ID:		S-1-0-0
	Account Name:		-
	Account Domain:		-
	Logon ID:		0x0

Logon Information:
	Logon Type:		3
	Restricted Admin Mode:	-
	Virtual Account:		No
	Elevated Token:		No

Impersonation Level:		Impersonation

New Logon:
	Security ID:		S-1-5-7
	Account Name:		ANONYMOUS LOGON
	Account Domain:		NT AUTHORITY
	Logon ID:		0x3163E0A
	Linked Logon ID:		0x0
	Network Account Name:	-
	Network Account Domain:	-
	Logon GUID:		{00000000-0000-0000-0000-000000000000}

Process Information:
	Process ID:		0x0
	Process Name:		-

Network Information:
	Workstation Name:	-
	Source Network Address:	10.0.0.176
	Source Port:		38070

Detailed Authentication Information:
	Logon Process:		NtLmSsp 
	Authentication Package:	NTLM
	Transited Services:	-
	Package Name (NTLM only):	NTLM V1
	Key Length:		0

This event is generated when a logon session is created. It is generated on the computer that was accessed.

The subject fields indicate the account on the local system which requested the logon. This is most commonly a service such as the Server service, or a local process such as Winlogon.exe or Services.exe.

The logon type field indicates the kind of logon that occurred. The most common types are 2 (interactive) and 3 (network).

The New Logon fields indicate the account for whom the new logon was created, i.e. the account that was logged on.

The network fields indicate where a remote logon request originated. Workstation name is not always available and may be left blank in some cases.

The impersonation level field indicates the extent to which a process in the logon session can impersonate.

The authentication information fields provide detailed information about this specific logon request.
	- Logon GUID is a unique identifier that can be used to correlate this event with a KDC event.
	- Transited services indicate which intermediate services have participated in this logon request.
	- Package name indicates which sub-protocol was used among the NTLM protocols.
	- Key length indicates the length of the generated session key. This will be 0 if no session key was requested.",,"-","-",Info,"NTLM V1",,,0x0,"-",51017,"-",,"S-1-0-0
S-1-5-7","Microsoft Windows security auditing.","10.0.0.176",38070,,Logon,,"-",Information,,No,"-","07/03/2024 11:05:25 AM
LogName=Security
EventCode=4624
EventType=0
ComputerName=accounting1
SourceName=Microsoft Windows security auditing.
Type=Information
RecordNumber=51017
Keywords=Audit Success
TaskCategory=Logon
OpCode=Info
Message=An account was successfully logged on.

Subject:
	Security ID:		S-1-0-0
	Account Name:		-
	Account Domain:		-
	Logon ID:		0x0

Logon Information:
	Logon Type:		3
	Restricted Admin Mode:	-
	Virtual Account:		No
	Elevated Token:		No

Impersonation Level:		Impersonation

New Logon:
	Security ID:		S-1-5-7
	Account Name:		ANONYMOUS LOGON
	Account Domain:		NT AUTHORITY
	Logon ID:		0x3163E0A
	Linked Logon ID:		0x0
	Network Account Name:	-
	Network Account Domain:	-
	Logon GUID:		{00000000-0000-0000-0000-000000000000}

Process Information:
	Process ID:		0x0
	Process Name:		-

Network Information:
	Workstation Name:	-
	Source Network Address:	10.0.0.176
	Source Port:		38070

Detailed Authentication Information:
	Logon Process:		NtLmSsp 
	Authentication Package:	NTLM
	Transited Services:	-
	Package Name (NTLM only):	NTLM V1
	Key Length:		0

This event is generated when a logon session is created. It is generated on the computer that was accessed.

The subject fields indicate the account on the local system which requested the logon. This is most commonly a service such as the Server service, or a local process such as Winlogon.exe or Services.exe.

The logon type field indicates the kind of logon that occurred. The most common types are 2 (interactive) and 3 (network).

The New Logon fields indicate the account for whom the new logon was created, i.e. the account that was logged on.

The network fields indicate where a remote logon request originated. Workstation name is not always available and may be left blank in some cases.

The impersonation level field indicates the extent to which a process in the logon session can impersonate.

The authentication information fields provide detailed information about this specific logon request.
	- Logon GUID is a unique identifier that can be used to correlate this event with a KDC event.
	- Transited services indicate which intermediate services have participated in this logon request.
	- Package name indicates which sub-protocol was used among the NTLM protocols.
	- Key length indicates the length of the generated session key. This will be 0 if no session key was requested.","2024-07-03T18:05:25.000+00:00",,ACCOUNTING1,main,70,"//_::_=====___.===_===_____.\r\r:\rt_:tt---\rt_:tt-\rt_","WinEventLog:Security","WinEventLog:Security","ip-10-0-0-207.us-west-2.compute.internal",,,,
"-
NT AUTHORITY","-
ANONYMOUS LOGON",NTLM,accounting1,No,4624,0,,,Impersonation,0,"Audit Success",0x0,Security,"{00000000-0000-0000-0000-000000000000}","0x0
0x3163510",NtLmSsp,3,,"An account was successfully logged on.

Subject:
	Security ID:		S-1-0-0
	Account Name:		-
	Account Domain:		-
	Logon ID:		0x0

Logon Information:
	Logon Type:		3
	Restricted Admin Mode:	-
	Virtual Account:		No
	Elevated Token:		No

Impersonation Level:		Impersonation

New Logon:
	Security ID:		S-1-5-7
	Account Name:		ANONYMOUS LOGON
	Account Domain:		NT AUTHORITY
	Logon ID:		0x3163510
	Linked Logon ID:		0x0
	Network Account Name:	-
	Network Account Domain:	-
	Logon GUID:		{00000000-0000-0000-0000-000000000000}

Process Information:
	Process ID:		0x0
	Process Name:		-

Network Information:
	Workstation Name:	-
	Source Network Address:	10.0.0.176
	Source Port:		36118

Detailed Authentication Information:
	Logon Process:		NtLmSsp 
	Authentication Package:	NTLM
	Transited Services:	-
	Package Name (NTLM only):	NTLM V1
	Key Length:		0

This event is generated when a logon session is created. It is generated on the computer that was accessed.

The subject fields indicate the account on the local system which requested the logon. This is most commonly a service such as the Server service, or a local process such as Winlogon.exe or Services.exe.

The logon type field indicates the kind of logon that occurred. The most common types are 2 (interactive) and 3 (network).

The New Logon fields indicate the account for whom the new logon was created, i.e. the account that was logged on.

The network fields indicate where a remote logon request originated. Workstation name is not always available and may be left blank in some cases.

The impersonation level field indicates the extent to which a process in the logon session can impersonate.

The authentication information fields provide detailed information about this specific logon request.
	- Logon GUID is a unique identifier that can be used to correlate this event with a KDC event.
	- Transited services indicate which intermediate services have participated in this logon request.
	- Package name indicates which sub-protocol was used among the NTLM protocols.
	- Key length indicates the length of the generated session key. This will be 0 if no session key was requested.",,"-","-",Info,"NTLM V1",,,0x0,"-",51012,"-",,"S-1-0-0
S-1-5-7","Microsoft Windows security auditing.","10.0.0.176",36118,,Logon,,"-",Information,,No,"-","07/03/2024 11:05:00 AM
LogName=Security
EventCode=4624
EventType=0
ComputerName=accounting1
SourceName=Microsoft Windows security auditing.
Type=Information
RecordNumber=51012
Keywords=Audit Success
TaskCategory=Logon
OpCode=Info
Message=An account was successfully logged on.

Subject:
	Security ID:		S-1-0-0
	Account Name:		-
	Account Domain:		-
	Logon ID:		0x0

Logon Information:
	Logon Type:		3
	Restricted Admin Mode:	-
	Virtual Account:		No
	Elevated Token:		No

Impersonation Level:		Impersonation

New Logon:
	Security ID:		S-1-5-7
	Account Name:		ANONYMOUS LOGON
	Account Domain:		NT AUTHORITY
	Logon ID:		0x3163510
	Linked Logon ID:		0x0
	Network Account Name:	-
	Network Account Domain:	-
	Logon GUID:		{00000000-0000-0000-0000-000000000000}

Process Information:
	Process ID:		0x0
	Process Name:		-

Network Information:
	Workstation Name:	-
	Source Network Address:	10.0.0.176
	Source Port:		36118

Detailed Authentication Information:
	Logon Process:		NtLmSsp 
	Authentication Package:	NTLM
	Transited Services:	-
	Package Name (NTLM only):	NTLM V1
	Key Length:		0

This event is generated when a logon session is created. It is generated on the computer that was accessed.

The subject fields indicate the account on the local system which requested the logon. This is most commonly a service such as the Server service, or a local process such as Winlogon.exe or Services.exe.

The logon type field indicates the kind of logon that occurred. The most common types are 2 (interactive) and 3 (network).

The New Logon fields indicate the account for whom the new logon was created, i.e. the account that was logged on.

The network fields indicate where a remote logon request originated. Workstation name is not always available and may be left blank in some cases.

The impersonation level field indicates the extent to which a process in the logon session can impersonate.

The authentication information fields provide detailed information about this specific logon request.
	- Logon GUID is a unique identifier that can be used to correlate this event with a KDC event.
	- Transited services indicate which intermediate services have participated in this logon request.
	- Package name indicates which sub-protocol was used among the NTLM protocols.
	- Key length indicates the length of the generated session key. This will be 0 if no session key was requested.","2024-07-03T18:05:00.000+00:00",,ACCOUNTING1,main,70,"//_::_=====___.===_===_____.\r\r:\rt_:tt---\rt_:tt-\rt_","WinEventLog:Security","WinEventLog:Security","ip-10-0-0-207.us-west-2.compute.internal",,,,
"-
NT AUTHORITY","-
ANONYMOUS LOGON",NTLM,accounting1,No,4624,0,,,Impersonation,0,"Audit Success",0x0,Security,"{00000000-0000-0000-0000-000000000000}","0x0
0x316225B",NtLmSsp,3,,"An account was successfully logged on.

Subject:
	Security ID:		S-1-0-0
	Account Name:		-
	Account Domain:		-
	Logon ID:		0x0

Logon Information:
	Logon Type:		3
	Restricted Admin Mode:	-
	Virtual Account:		No
	Elevated Token:		No

Impersonation Level:		Impersonation

New Logon:
	Security ID:		S-1-5-7
	Account Name:		ANONYMOUS LOGON
	Account Domain:		NT AUTHORITY
	Logon ID:		0x316225B
	Linked Logon ID:		0x0
	Network Account Name:	-
	Network Account Domain:	-
	Logon GUID:		{00000000-0000-0000-0000-000000000000}

Process Information:
	Process ID:		0x0
	Process Name:		-

Network Information:
	Workstation Name:	-
	Source Network Address:	10.0.0.176
	Source Port:		52854

Detailed Authentication Information:
	Logon Process:		NtLmSsp 
	Authentication Package:	NTLM
	Transited Services:	-
	Package Name (NTLM only):	NTLM V1
	Key Length:		0

This event is generated when a logon session is created. It is generated on the computer that was accessed.

The subject fields indicate the account on the local system which requested the logon. This is most commonly a service such as the Server service, or a local process such as Winlogon.exe or Services.exe.

The logon type field indicates the kind of logon that occurred. The most common types are 2 (interactive) and 3 (network).

The New Logon fields indicate the account for whom the new logon was created, i.e. the account that was logged on.

The network fields indicate where a remote logon request originated. Workstation name is not always available and may be left blank in some cases.

The impersonation level field indicates the extent to which a process in the logon session can impersonate.

The authentication information fields provide detailed information about this specific logon request.
	- Logon GUID is a unique identifier that can be used to correlate this event with a KDC event.
	- Transited services indicate which intermediate services have participated in this logon request.
	- Package name indicates which sub-protocol was used among the NTLM protocols.
	- Key length indicates the length of the generated session key. This will be 0 if no session key was requested.",,"-","-",Info,"NTLM V1",,,0x0,"-",51007,"-",,"S-1-0-0
S-1-5-7","Microsoft Windows security auditing.","10.0.0.176",52854,,Logon,,"-",Information,,No,"-","07/03/2024 11:04:35 AM
LogName=Security
EventCode=4624
EventType=0
ComputerName=accounting1
SourceName=Microsoft Windows security auditing.
Type=Information
RecordNumber=51007
Keywords=Audit Success
TaskCategory=Logon
OpCode=Info
Message=An account was successfully logged on.

Subject:
	Security ID:		S-1-0-0
	Account Name:		-
	Account Domain:		-
	Logon ID:		0x0

Logon Information:
	Logon Type:		3
	Restricted Admin Mode:	-
	Virtual Account:		No
	Elevated Token:		No

Impersonation Level:		Impersonation

New Logon:
	Security ID:		S-1-5-7
	Account Name:		ANONYMOUS LOGON
	Account Domain:		NT AUTHORITY
	Logon ID:		0x316225B
	Linked Logon ID:		0x0
	Network Account Name:	-
	Network Account Domain:	-
	Logon GUID:		{00000000-0000-0000-0000-000000000000}

Process Information:
	Process ID:		0x0
	Process Name:		-

Network Information:
	Workstation Name:	-
	Source Network Address:	10.0.0.176
	Source Port:		52854

Detailed Authentication Information:
	Logon Process:		NtLmSsp 
	Authentication Package:	NTLM
	Transited Services:	-
	Package Name (NTLM only):	NTLM V1
	Key Length:		0

This event is generated when a logon session is created. It is generated on the computer that was accessed.

The subject fields indicate the account on the local system which requested the logon. This is most commonly a service such as the Server service, or a local process such as Winlogon.exe or Services.exe.

The logon type field indicates the kind of logon that occurred. The most common types are 2 (interactive) and 3 (network).

The New Logon fields indicate the account for whom the new logon was created, i.e. the account that was logged on.

The network fields indicate where a remote logon request originated. Workstation name is not always available and may be left blank in some cases.

The impersonation level field indicates the extent to which a process in the logon session can impersonate.

The authentication information fields provide detailed information about this specific logon request.
	- Logon GUID is a unique identifier that can be used to correlate this event with a KDC event.
	- Transited services indicate which intermediate services have participated in this logon request.
	- Package name indicates which sub-protocol was used among the NTLM protocols.
	- Key length indicates the length of the generated session key. This will be 0 if no session key was requested.","2024-07-03T18:04:35.000+00:00",,ACCOUNTING1,main,70,"//_::_=====___.===_===_____.\r\r:\rt_:tt---\rt_:tt-\rt_","WinEventLog:Security","WinEventLog:Security","ip-10-0-0-207.us-west-2.compute.internal",,,,
"Window Manager","DWM-4",,accounting1,,4672,0,,,,,"Audit Success",,Security,,0x315ED86,,,,"Special privileges assigned to new logon.

Subject:
	Security ID:		S-1-5-90-0-4
	Account Name:		DWM-4
	Account Domain:		Window Manager
	Logon ID:		0x315ED86

Privileges:		SeAssignPrimaryTokenPrivilege
			SeAuditPrivilege",,,,Info,,SeAssignPrimaryTokenPrivilege,,,,50995,,,"S-1-5-90-0-4","Microsoft Windows security auditing.",,,,"Special Logon",,,Information,,,,"07/03/2024 11:04:14 AM
LogName=Security
EventCode=4672
EventType=0
ComputerName=accounting1
SourceName=Microsoft Windows security auditing.
Type=Information
RecordNumber=50995
Keywords=Audit Success
TaskCategory=Special Logon
OpCode=Info
Message=Special privileges assigned to new logon.

Subject:
	Security ID:		S-1-5-90-0-4
	Account Name:		DWM-4
	Account Domain:		Window Manager
	Logon ID:		0x315ED86

Privileges:		SeAssignPrimaryTokenPrivilege
			SeAuditPrivilege","2024-07-03T18:04:14.000+00:00",,ACCOUNTING1,main,21,"//_::_=====___.===_=_==_____.\r\r:\rt_:tt-----\rt_:tt-","WinEventLog:Security","WinEventLog:Security","ip-10-0-0-207.us-west-2.compute.internal",,,,
"Window Manager","DWM-4",,accounting1,,4672,0,,,,,"Audit Success",,Security,,0x315ECAE,,,,"Special privileges assigned to new logon.

Subject:
	Security ID:		S-1-5-90-0-4
	Account Name:		DWM-4
	Account Domain:		Window Manager
	Logon ID:		0x315ECAE

Privileges:		SeAssignPrimaryTokenPrivilege
			SeAuditPrivilege
			SeImpersonatePrivilege",,,,Info,,SeAssignPrimaryTokenPrivilege,,,,50994,,,"S-1-5-90-0-4","Microsoft Windows security auditing.",,,,"Special Logon",,,Information,,,,"07/03/2024 11:04:14 AM
LogName=Security
EventCode=4672
EventType=0
ComputerName=accounting1
SourceName=Microsoft Windows security auditing.
Type=Information
RecordNumber=50994
Keywords=Audit Success
TaskCategory=Special Logon
OpCode=Info
Message=Special privileges assigned to new logon.

Subject:
	Security ID:		S-1-5-90-0-4
	Account Name:		DWM-4
	Account Domain:		Window Manager
	Logon ID:		0x315ECAE

Privileges:		SeAssignPrimaryTokenPrivilege
			SeAuditPrivilege
			SeImpersonatePrivilege","2024-07-03T18:04:14.000+00:00",,ACCOUNTING1,main,22,"//_::_=====___.===_=_==_____.\r\r:\rt_:tt-----\rt_:tt-","WinEventLog:Security","WinEventLog:Security","ip-10-0-0-207.us-west-2.compute.internal",,,,
"WORKGROUP
Window Manager","ACCOUNTING1$
DWM-4",Negotiate,accounting1,No,4624,0,,,Impersonation,0,"Audit Success",0x315ECAE,Security,"{00000000-0000-0000-0000-000000000000}","0x3E7
0x315ED86",Advapi,2,,"An account was successfully logged on.

Subject:
	Security ID:		S-1-5-18
	Account Name:		ACCOUNTING1$
	Account Domain:		WORKGROUP
	Logon ID:		0x3E7

Logon Information:
	Logon Type:		2
	Restricted Admin Mode:	-
	Virtual Account:		Yes
	Elevated Token:		No

Impersonation Level:		Impersonation

New Logon:
	Security ID:		S-1-5-90-0-4
	Account Name:		DWM-4
	Account Domain:		Window Manager
	Logon ID:		0x315ED86
	Linked Logon ID:		0x315ECAE
	Network Account Name:	-
	Network Account Domain:	-
	Logon GUID:		{00000000-0000-0000-0000-000000000000}

Process Information:
	Process ID:		0x1cb0
	Process Name:		C:\Windows\System32\winlogon.exe

Network Information:
	Workstation Name:	-
	Source Network Address:	-
	Source Port:		-

Detailed Authentication Information:
	Logon Process:		Advapi  
	Authentication Package:	Negotiate
	Transited Services:	-
	Package Name (NTLM only):	-
	Key Length:		0

This event is generated when a logon session is created. It is generated on the computer that was accessed.

The subject fields indicate the account on the local system which requested the logon. This is most commonly a service such as the Server service, or a local process such as Winlogon.exe or Services.exe.

The logon type field indicates the kind of logon that occurred. The most common types are 2 (interactive) and 3 (network).

The New Logon fields indicate the account for whom the new logon was created, i.e. the account that was logged on.

The network fields indicate where a remote logon request originated. Workstation name is not always available and may be left blank in some cases.

The impersonation level field indicates the extent to which a process in the logon session can impersonate.

The authentication information fields provide detailed information about this specific logon request.
	- Logon GUID is a unique identifier that can be used to correlate this event with a KDC event.
	- Transited services indicate which intermediate services have participated in this logon request.
	- Package name indicates which sub-protocol was used among the NTLM protocols.
	- Key length indicates the length of the generated session key. This will be 0 if no session key was requested.",,"-","-",Info,"-",,,0x1cb0,"C:\Windows\System32\winlogon.exe",50993,"-",,"S-1-5-18
S-1-5-90-0-4","Microsoft Windows security auditing.","-","-",,Logon,,"-",Information,,Yes,"-","07/03/2024 11:04:14 AM
LogName=Security
EventCode=4624
EventType=0
ComputerName=accounting1
SourceName=Microsoft Windows security auditing.
Type=Information
RecordNumber=50993
Keywords=Audit Success
TaskCategory=Logon
OpCode=Info
Message=An account was successfully logged on.

Subject:
	Security ID:		S-1-5-18
	Account Name:		ACCOUNTING1$
	Account Domain:		WORKGROUP
	Logon ID:		0x3E7

Logon Information:
	Logon Type:		2
	Restricted Admin Mode:	-
	Virtual Account:		Yes
	Elevated Token:		No

Impersonation Level:		Impersonation

New Logon:
	Security ID:		S-1-5-90-0-4
	Account Name:		DWM-4
	Account Domain:		Window Manager
	Logon ID:		0x315ED86
	Linked Logon ID:		0x315ECAE
	Network Account Name:	-
	Network Account Domain:	-
	Logon GUID:		{00000000-0000-0000-0000-000000000000}

Process Information:
	Process ID:		0x1cb0
	Process Name:		C:\Windows\System32\winlogon.exe

Network Information:
	Workstation Name:	-
	Source Network Address:	-
	Source Port:		-

Detailed Authentication Information:
	Logon Process:		Advapi  
	Authentication Package:	Negotiate
	Transited Services:	-
	Package Name (NTLM only):	-
	Key Length:		0

This event is generated when a logon session is created. It is generated on the computer that was accessed.

The subject fields indicate the account on the local system which requested the logon. This is most commonly a service such as the Server service, or a local process such as Winlogon.exe or Services.exe.

The logon type field indicates the kind of logon that occurred. The most common types are 2 (interactive) and 3 (network).

The New Logon fields indicate the account for whom the new logon was created, i.e. the account that was logged on.

The network fields indicate where a remote logon request originated. Workstation name is not always available and may be left blank in some cases.

The impersonation level field indicates the extent to which a process in the logon session can impersonate.

The authentication information fields provide detailed information about this specific logon request.
	- Logon GUID is a unique identifier that can be used to correlate this event with a KDC event.
	- Transited services indicate which intermediate services have participated in this logon request.
	- Package name indicates which sub-protocol was used among the NTLM protocols.
	- Key length indicates the length of the generated session key. This will be 0 if no session key was requested.","2024-07-03T18:04:14.000+00:00",,ACCOUNTING1,main,70,"//_::_=====___.===_===_____.\r\r:\rt_:tt---\rt_:tt$\rt_","WinEventLog:Security","WinEventLog:Security","ip-10-0-0-207.us-west-2.compute.internal",,,,
"WORKGROUP
Window Manager","ACCOUNTING1$
DWM-4",Negotiate,accounting1,Yes,4624,0,,,Impersonation,0,"Audit Success",0x315ED86,Security,"{00000000-0000-0000-0000-000000000000}","0x3E7
0x315ECAE",Advapi,2,,"An account was successfully logged on.

Subject:
	Security ID:		S-1-5-18
	Account Name:		ACCOUNTING1$
	Account Domain:		WORKGROUP
	Logon ID:		0x3E7

Logon Information:
	Logon Type:		2
	Restricted Admin Mode:	-
	Virtual Account:		Yes
	Elevated Token:		Yes

Impersonation Level:		Impersonation

New Logon:
	Security ID:		S-1-5-90-0-4
	Account Name:		DWM-4
	Account Domain:		Window Manager
	Logon ID:		0x315ECAE
	Linked Logon ID:		0x315ED86
	Network Account Name:	-
	Network Account Domain:	-
	Logon GUID:		{00000000-0000-0000-0000-000000000000}

Process Information:
	Process ID:		0x1cb0
	Process Name:		C:\Windows\System32\winlogon.exe

Network Information:
	Workstation Name:	-
	Source Network Address:	-
	Source Port:		-

Detailed Authentication Information:
	Logon Process:		Advapi  
	Authentication Package:	Negotiate
	Transited Services:	-
	Package Name (NTLM only):	-
	Key Length:		0

This event is generated when a logon session is created. It is generated on the computer that was accessed.

The subject fields indicate the account on the local system which requested the logon. This is most commonly a service such as the Server service, or a local process such as Winlogon.exe or Services.exe.

The logon type field indicates the kind of logon that occurred. The most common types are 2 (interactive) and 3 (network).

The New Logon fields indicate the account for whom the new logon was created, i.e. the account that was logged on.

The network fields indicate where a remote logon request originated. Workstation name is not always available and may be left blank in some cases.

The impersonation level field indicates the extent to which a process in the logon session can impersonate.

The authentication information fields provide detailed information about this specific logon request.
	- Logon GUID is a unique identifier that can be used to correlate this event with a KDC event.
	- Transited services indicate which intermediate services have participated in this logon request.
	- Package name indicates which sub-protocol was used among the NTLM protocols.
	- Key length indicates the length of the generated session key. This will be 0 if no session key was requested.",,"-","-",Info,"-",,,0x1cb0,"C:\Windows\System32\winlogon.exe",50992,"-",,"S-1-5-18
S-1-5-90-0-4","Microsoft Windows security auditing.","-","-",,Logon,,"-",Information,,Yes,"-","07/03/2024 11:04:14 AM
